<?xml version="1.0" encoding="UTF-8"?>
<!-- Generated by org.testng.reporters.JUnitReportReporter -->
<testsuite skipped="0" hostname="E0399537" name="testing.mvnClass" tests="1" failures="0" timestamp="17 Aug 2018 11:12:37 GMT" time="0.022" errors="0">
  <testcase name="hello" time="0.022" classname="testing.mvnClass"/>
</testsuite> <!-- testing.mvnClass -->
